2026-01-29 02:30:30,840 | INFO | ================================================================================
2026-01-29 02:30:30,841 | INFO | SYSTEM INFORMATION
2026-01-29 02:30:30,841 | INFO | ================================================================================
2026-01-29 02:30:30,842 | INFO | Python version: 3.13.2
2026-01-29 02:30:30,844 | INFO | Platform: Linux-5.15.0-107-generic-x86_64-with-glibc2.31
2026-01-29 02:30:30,845 | INFO | CUDA available: False
2026-01-29 02:30:30,845 | INFO | GPU: N/A
2026-01-29 02:30:30,845 | INFO | GPU Memory: 0.0 GB
2026-01-29 02:30:30,845 | INFO | Timestamp: 20260129_023027
2026-01-29 02:30:30,845 | INFO | Log directory: /home/bcheng/MITproject/logs/20260129_023027
2026-01-29 02:30:30,845 | INFO | ================================================================================
2026-01-29 02:30:30,845 | INFO | 
################################################################################
2026-01-29 02:30:30,845 | INFO | # STARTING MIT BENCHMARK EXPERIMENTS
2026-01-29 02:30:30,845 | INFO | ################################################################################
2026-01-29 02:30:30,845 | INFO | 
================================================================================
2026-01-29 02:30:30,845 | INFO | RUNNING BASELINE MODELS
2026-01-29 02:30:30,845 | INFO | ================================================================================
2026-01-29 02:30:30,870 | INFO | Loaded 650 sequences from /home/bcheng/MITproject/data/sequences/all_sequences.json
2026-01-29 02:30:30,870 | INFO | 
--- k-mer Baseline ---
2026-01-29 02:30:30,870 | INFO | Computing k-mer scores...
